<?xml version="1.0" encoding="UTF-8"?>
<testng-results ignored="0" total="1" passed="1" failed="0" skipped="0">
  <reporter-output>
    <line>
      <![CDATA[login method is executing]]>
    </line>
  </reporter-output>
  <suite started-at="2021-12-30T19:41:07 GMT-05:00" name="Suite" finished-at="2021-12-30T19:41:43 GMT-05:00" duration-ms="36385">
    <groups>
    </groups>
    <test started-at="2021-12-30T19:41:07 GMT-05:00" name="Test" finished-at="2021-12-30T19:41:43 GMT-05:00" duration-ms="36385">
      <class name="test.OrangeHRMLoginLgout">
        <test-method is-config="true" signature="openbrowser()[pri:0, instance:test.OrangeHRMLoginLgout@659a969b]" started-at="2021-12-30T19:41:07 GMT-05:00" name="openbrowser" finished-at="2021-12-30T19:41:25 GMT-05:00" duration-ms="17686" status="PASS">
          <reporter-output>
          </reporter-output>
        </test-method> <!-- openbrowser -->
        <test-method is-config="true" signature="loginapp()[pri:0, instance:test.OrangeHRMLoginLgout@659a969b]" started-at="2021-12-30T19:41:25 GMT-05:00" name="loginapp" finished-at="2021-12-30T19:41:41 GMT-05:00" duration-ms="16674" status="PASS">
          <reporter-output>
          </reporter-output>
        </test-method> <!-- loginapp -->
        <test-method signature="login()[pri:0, instance:test.OrangeHRMLoginLgout@659a969b]" started-at="2021-12-30T19:41:41 GMT-05:00" name="login" finished-at="2021-12-30T19:41:41 GMT-05:00" duration-ms="10" status="PASS">
          <reporter-output>
            <line>
              <![CDATA[login method is executing]]>
            </line>
          </reporter-output>
        </test-method> <!-- login -->
        <test-method is-config="true" signature="logoutapp()[pri:0, instance:test.OrangeHRMLoginLgout@659a969b]" started-at="2021-12-30T19:41:41 GMT-05:00" name="logoutapp" finished-at="2021-12-30T19:41:43 GMT-05:00" duration-ms="1898" status="PASS">
          <reporter-output>
          </reporter-output>
        </test-method> <!-- logoutapp -->
        <test-method is-config="true" signature="closebrowser()[pri:0, instance:test.OrangeHRMLoginLgout@659a969b]" started-at="2021-12-30T19:41:43 GMT-05:00" name="closebrowser" finished-at="2021-12-30T19:41:43 GMT-05:00" duration-ms="1" status="PASS">
          <reporter-output>
          </reporter-output>
        </test-method> <!-- closebrowser -->
      </class> <!-- test.OrangeHRMLoginLgout -->
    </test> <!-- Test -->
  </suite> <!-- Suite -->
</testng-results>
